2023-03-04 15:47:43, Info                         Starting enumeration of PnP devices.
2023-03-04 15:47:44, Info                         current OS: \\?\GLOBALROOT\Device\HarddiskVolume5\Recovery\WindowsRE\Winre.wim
2023-03-04 15:47:44, Info                         Attempting to assign a drive letter for the source drive.
2023-03-04 15:47:44, Info                         Finished enumeration of PnP devices.
2023-03-04 15:47:44, Error                        CBootMgrLog::CreateInstance() failed. 0x00000002[gle=0x00000002]
2023-03-04 15:47:44, Info                         current OS: E:\Recovery\WindowsRE\Winre.wim
2023-03-04 15:47:44, Error                        Failed to check OS architecture. 0x00000490[gle=0x00000002]
2023-03-04 15:47:44, Info                         [recenv.exe] Enter WinReIsWimBootEnabled
2023-03-04 15:47:44, Info                         [recenv.exe] Parameters: pszWinDir: D:\Windows
2023-03-04 15:47:44, Error                        [recenv.exe] winreArePathsEqualFailed to get attributes for D:\Windows: 0x2
2023-03-04 15:47:44, Warning                      [recenv.exe] Failed to check whether X:\windows is the current Windows directory
2023-03-04 15:47:44, Info                         [recenv.exe] RegLoadKey $OFFLINE$SYSTEM failed. Error: 0x3.
2023-03-04 15:47:44, Info                         [recenv.exe] Exit WinReIsWimBootEnabled returns 0 with last error: 0x0
2023-03-04 15:47:44, Info                         [recenv.exe] Enter WinReGetConfig
2023-03-04 15:47:44, Info                         [recenv.exe] Parameters: configWinDir: NULL
2023-03-04 15:47:44, Info                         [recenv.exe] WinRE config file path: D:\Windows\system32\Recovery\ReAgent.xml
2023-03-04 15:47:44, Warning                      [recenv.exe] read xml file (D:\Windows\system32\Recovery\ReAgent.xml) failed: 0x3
2023-03-04 15:47:44, Warning                      [recenv.exe] ReAgentXMLParser::ParseConfigFile failed to read config xml file (0x3) in file base\diagnosis\srt\reagent2\reinfo\parser_2.0.cpp line 784
2023-03-04 15:47:44, Warning                      [recenv.exe] ReAgentXMLParser::ParseConfigFile (xml file: D:\Windows\system32\Recovery\ReAgent.xml) returning 0x3
2023-03-04 15:47:44, Warning                      [recenv.exe] ReAgentConfig::ParseConfigFile  returned with 0x3 
2023-03-04 15:47:44, Warning                      [recenv.exe] ReAgentConfig::Init failed to init reagent xml parser (0x3) in file base\diagnosis\srt\reagent2\reinfo\parser_2.0.cpp line 1921
2023-03-04 15:47:44, Warning                      [recenv.exe] WinReGetConfigInternal failed to init agent config (0x3) in file base\diagnosis\srt\reagent2\reinfo\shared.cpp line 155
2023-03-04 15:47:44, Warning                      [recenv.exe] winre get config failed with error code 0x3
2023-03-04 15:47:44, Info                         [recenv.exe] Exit WinReGetConfig return value: 0, last error: 0x3
2023-03-04 15:47:44, Error                        WinReGetConfigEx failed. Error: 0x00000003[gle=0x00000003]
2023-03-04 15:47:44, Error                        CRecoveryToolAction->Init() failed. Error: 0x00000003[gle=0x00000003]
2023-03-04 15:47:44, Info                         [recenv.exe] Enter WinReGetConfig
2023-03-04 15:47:44, Info                         [recenv.exe] Parameters: configWinDir: NULL
2023-03-04 15:47:44, Info                         [recenv.exe] WinRE config file path: D:\Windows\system32\Recovery\ReAgent.xml
2023-03-04 15:47:44, Warning                      [recenv.exe] read xml file (D:\Windows\system32\Recovery\ReAgent.xml) failed: 0x3
2023-03-04 15:47:44, Warning                      [recenv.exe] ReAgentXMLParser::ParseConfigFile failed to read config xml file (0x3) in file base\diagnosis\srt\reagent2\reinfo\parser_2.0.cpp line 784
2023-03-04 15:47:44, Warning                      [recenv.exe] ReAgentXMLParser::ParseConfigFile (xml file: D:\Windows\system32\Recovery\ReAgent.xml) returning 0x3
2023-03-04 15:47:44, Warning                      [recenv.exe] ReAgentConfig::ParseConfigFile  returned with 0x3 
2023-03-04 15:47:44, Warning                      [recenv.exe] ReAgentConfig::Init failed to init reagent xml parser (0x3) in file base\diagnosis\srt\reagent2\reinfo\parser_2.0.cpp line 1921
2023-03-04 15:47:44, Warning                      [recenv.exe] WinReGetConfigInternal failed to init agent config (0x3) in file base\diagnosis\srt\reagent2\reinfo\shared.cpp line 155
2023-03-04 15:47:44, Warning                      [recenv.exe] winre get config failed with error code 0x3
2023-03-04 15:47:44, Info                         [recenv.exe] Exit WinReGetConfig return value: 0, last error: 0x3
2023-03-04 15:47:44, Error                        WinReGetConfigEx failed. Error: 0x00000003[gle=0x00000003]
2023-03-04 15:47:44, Error                        CRecoveryToolAction->Init() failed. Error: 0x00000003[gle=0x00000003]
2023-03-04 15:47:44, Info                         [recenv.exe] Enter WinReGetConfig
2023-03-04 15:47:44, Info                         [recenv.exe] Parameters: configWinDir: NULL
2023-03-04 15:47:44, Info                         [recenv.exe]  Using recovery file at \\?\GLOBALROOT\Device\HarddiskVolume5\RECOVERY\WINDOWSRE\ReAgent.xml
2023-03-04 15:47:44, Info                         [recenv.exe] WinRE config file path: \\?\GLOBALROOT\Device\HarddiskVolume5\RECOVERY\WINDOWSRE\ReAgent.xml
2023-03-04 15:47:44, Info                         [recenv.exe] Update enhanced config info is enabled.
2023-03-04 15:47:44, Info                         [recenv.exe] ReAgentConfig::ReadBcdAndUpdateEnhancedConfigInfo (In WinPE) Using winre guid from the config file
2023-03-04 15:47:44, Info                         [recenv.exe] WinRE is installed
2023-03-04 15:47:44, Info                         [recenv.exe] WinRE is installed at: \\?\GLOBALROOT\device\harddisk0\partition5\Recovery\WindowsRE
2023-03-04 15:47:44, Info                         [recenv.exe] System is WimBoot: FALSE
2023-03-04 15:47:44, Info                         [recenv.exe] Exit WinReGetConfig return value: 1, last error: 0x0
2023-03-04 15:47:44, Info                         [recenv.exe] Enter WinReGetConfig
2023-03-04 15:47:44, Info                         [recenv.exe] Parameters: configWinDir: NULL
2023-03-04 15:47:44, Info                         [recenv.exe]  Using recovery file at \\?\GLOBALROOT\Device\HarddiskVolume5\RECOVERY\WINDOWSRE\ReAgent.xml
2023-03-04 15:47:44, Info                         [recenv.exe] WinRE config file path: \\?\GLOBALROOT\Device\HarddiskVolume5\RECOVERY\WINDOWSRE\ReAgent.xml
2023-03-04 15:47:44, Info                         [recenv.exe] Update enhanced config info is enabled.
2023-03-04 15:47:44, Info                         [recenv.exe] ReAgentConfig::ReadBcdAndUpdateEnhancedConfigInfo (In WinPE) Using winre guid from the config file
2023-03-04 15:47:44, Info                         [recenv.exe] WinRE is installed
2023-03-04 15:47:44, Info                         [recenv.exe] WinRE is installed at: \\?\GLOBALROOT\device\harddisk0\partition5\Recovery\WindowsRE
2023-03-04 15:47:44, Info                         [recenv.exe] System is WimBoot: FALSE
2023-03-04 15:47:44, Info                         [recenv.exe] Exit WinReGetConfig return value: 1, last error: 0x0
2023-03-04 15:47:44, Info                         Auto launch narrator not specified
2023-03-04 15:47:44, Info                         Custom boot app not specified
2023-03-04 15:47:44, Info                         [recenv.exe] Enter WinReGetConfig
2023-03-04 15:47:44, Info                         [recenv.exe] Parameters: configWinDir: NULL
2023-03-04 15:47:44, Info                         [recenv.exe]  Using recovery file at \\?\GLOBALROOT\Device\HarddiskVolume5\RECOVERY\WINDOWSRE\ReAgent.xml
2023-03-04 15:47:44, Info                         [recenv.exe] WinRE config file path: \\?\GLOBALROOT\Device\HarddiskVolume5\RECOVERY\WINDOWSRE\ReAgent.xml
2023-03-04 15:47:44, Info                         [recenv.exe] Update enhanced config info is enabled.
2023-03-04 15:47:44, Info                         [recenv.exe] ReAgentConfig::ReadBcdAndUpdateEnhancedConfigInfo (In WinPE) Using winre guid from the config file
2023-03-04 15:47:44, Info                         [recenv.exe] WinRE is installed
2023-03-04 15:47:44, Info                         [recenv.exe] WinRE is installed at: \\?\GLOBALROOT\device\harddisk0\partition5\Recovery\WindowsRE
2023-03-04 15:47:44, Info                         [recenv.exe] System is WimBoot: FALSE
2023-03-04 15:47:44, Info                         [recenv.exe] Exit WinReGetConfig return value: 1, last error: 0x0
2023-03-04 15:47:44, Info                         [recenv.exe] Enter WinReCreateLogInstanceEx
2023-03-04 15:47:44, Info                         [recenv.exe]  Using recovery file at \\?\GLOBALROOT\Device\HarddiskVolume5\RECOVERY\WINDOWSRE\ReAgent.xml
2023-03-04 15:47:44, Info                         [recenv.exe] Update enhanced config info is enabled.
2023-03-04 15:47:44, Info                         [recenv.exe] ReAgentConfig::ReadBcdAndUpdateEnhancedConfigInfo (In WinPE) Using winre guid from the config file
2023-03-04 15:47:44, Info                         [recenv.exe] WinRE is installed
2023-03-04 15:47:44, Info                         [recenv.exe] Exit WinReCreateLogInstanceEx returns error code 0x0
2023-03-04 15:47:44, Info                         [recenv.exe] Enter WinReGetConfig
2023-03-04 15:47:44, Info                         [recenv.exe] Parameters: configWinDir: NULL
2023-03-04 15:47:44, Info                         [recenv.exe]  Using recovery file at \\?\GLOBALROOT\Device\HarddiskVolume5\RECOVERY\WINDOWSRE\ReAgent.xml
2023-03-04 15:47:44, Info                         [recenv.exe] WinRE config file path: \\?\GLOBALROOT\Device\HarddiskVolume5\RECOVERY\WINDOWSRE\ReAgent.xml
2023-03-04 15:47:44, Info                         [recenv.exe] Update enhanced config info is enabled.
2023-03-04 15:47:44, Info                         [recenv.exe] ReAgentConfig::ReadBcdAndUpdateEnhancedConfigInfo (In WinPE) Using winre guid from the config file
2023-03-04 15:47:44, Info                         [recenv.exe] WinRE is installed
2023-03-04 15:47:44, Info                         [recenv.exe] WinRE is installed at: \\?\GLOBALROOT\device\harddisk0\partition5\Recovery\WindowsRE
2023-03-04 15:47:44, Info                         [recenv.exe] System is WimBoot: FALSE
2023-03-04 15:47:44, Info                         [recenv.exe] Exit WinReGetConfig return value: 1, last error: 0x0
2023-03-04 15:47:44, Info                         Offline scanning application not configured
2023-03-04 15:47:44, Error                        Invalid path specified
2023-03-04 15:47:44, Info                         Copying logs from [X:\windows\Logs\RecEnv] to [D:\Windows\Logs\RecEnv_Ramdisk]
2023-03-04 15:47:44, Info                         Entering RjvBareMetalResetAvailable
2023-03-04 15:47:44, Info                         Entering RjvPIsMediaBoot
2023-03-04 15:47:44, Info                         Launch type is SystemDisk
2023-03-04 15:47:44, Info                         RjvPIsMediaBoot returning FALSE
2023-03-04 15:47:44, Info                         RjvBareMetalResetAvailable returning FALSE

2023-03-04 15:47:49, Info                         [recenv.exe] Enter WinReRestoreLogFiles
2023-03-04 15:47:49, Info                         [recenv.exe]  Using recovery file at \\?\GLOBALROOT\Device\HarddiskVolume5\RECOVERY\WINDOWSRE\ReAgent.xml
2023-03-04 15:47:49, Info                         [recenv.exe] Update enhanced config info is enabled.
2023-03-04 15:47:49, Info                         [recenv.exe] ReAgentConfig::ReadBcdAndUpdateEnhancedConfigInfo (In WinPE) Using winre guid from the config file
2023-03-04 15:47:51, Info                         [recenv.exe] WinRE is installed
2023-03-04 15:47:51, Info                         [recenv.exe] Enter WinReSetTriggerFile
2023-03-04 15:47:51, Info                         [recenv.exe] Parameters: DirName: \\?\GLOBALROOT\device\harddisk0\partition5\Recovery\Logs, fDelete: 0
2023-03-04 15:47:51, Info                         [recenv.exe] Exit WinReSetTriggerFile return error code: 0x0
2023-03-04 15:47:51, Info                         [recenv.exe] Exit WinReRestoreLogFiles returns 1 with last error: 0x0
2023-03-04 15:47:51, Info                         Copying logs from [X:\windows\Logs\RecEnv] to [D:\Windows\Logs\RecEnv_Ramdisk]
